{
  "stats": {
    "suites": 1,
    "tests": 1,
    "passes": 0,
    "pending": 0,
    "failures": 1,
    "start": "2023-12-04T13:53:54.843Z",
    "end": "2023-12-04T13:54:00.590Z",
    "duration": 5747,
    "testsRegistered": 1,
    "passPercent": 0,
    "pendingPercent": 0,
    "other": 0,
    "hasOther": false,
    "skipped": 0,
    "hasSkipped": false
  },
  "results": [
    {
      "uuid": "756a8c26-18f2-41f3-8220-cb92ebefd2de",
      "title": "",
      "fullFile": "cypress/e2e/3-our-own-cases/testcases.cy.js",
      "file": "cypress/e2e/3-our-own-cases/testcases.cy.js",
      "beforeHooks": [],
      "afterHooks": [],
      "tests": [],
      "suites": [
        {
          "uuid": "e66dba51-e8dc-40b7-b547-2035252b7f87",
          "title": "cypress-realworld-app",
          "fullFile": "",
          "file": "",
          "beforeHooks": [],
          "afterHooks": [],
          "tests": [
            {
              "title": "TC2.3 - Update User Information - Ensure that user information (first name, last name, email, phone number) can be updated correctly.",
              "fullTitle": "cypress-realworld-app TC2.3 - Update User Information - Ensure that user information (first name, last name, email, phone number) can be updated correctly.",
              "timedOut": null,
              "duration": 5723,
              "state": "failed",
              "speed": null,
              "pass": false,
              "fail": true,
              "pending": false,
              "context": null,
              "code": "cy.visit('/');\ncy.intercept('GET', 'http://localhost:3001/user/settings').as('getSettings');\n//Log in\ncy.get('#username').type(existingUser.userName);\ncy.get('#password').type(existingUser.password);\ncy.get('.MuiButton-label').click();\n//Open User Settings\ncy.get('[data-test=\"sidenav-user-settings\"]').click();\ncy.get('[data-test=\"user-settings-firstName-input\"]').clear().type('NewName');\ncy.get('[data-test=\"user-settings-lastName-input\"]').clear().type('Test2');\ncy.get('[data-test=\"user-settings-email-input\"]').clear().type('newemail@gmail.com');\ncy.get('[data-test=\"user-settings-phoneNumber-input\"]').clear().type('123123123');\n// Save updated User Settings\ncy.get('button.MuiButton-root').click();",
              "err": {
                "message": "AssertionError: Timed out retrying after 4000ms: Expected to find element: `[data-test=\"sidenav-user-settings\"]`, but never found it.",
                "estack": "AssertionError: Timed out retrying after 4000ms: Expected to find element: `[data-test=\"sidenav-user-settings\"]`, but never found it.\n    at Context.eval (webpack://my-new-cypress-project/./cypress/e2e/3-our-own-cases/testcases.cy.js:215:7)",
                "diff": null
              },
              "uuid": "5e063a83-62fe-44c3-8a46-ba03789833aa",
              "parentUUID": "e66dba51-e8dc-40b7-b547-2035252b7f87",
              "isHook": false,
              "skipped": false
            }
          ],
          "suites": [],
          "passes": [],
          "failures": [
            "5e063a83-62fe-44c3-8a46-ba03789833aa"
          ],
          "pending": [],
          "skipped": [],
          "duration": 5723,
          "root": false,
          "rootEmpty": false,
          "_timeout": 2000
        }
      ],
      "passes": [],
      "failures": [],
      "pending": [],
      "skipped": [],
      "duration": 0,
      "root": true,
      "rootEmpty": true,
      "_timeout": 2000
    }
  ],
  "meta": {
    "mocha": {
      "version": "7.0.1"
    },
    "mochawesome": {
      "options": {
        "quiet": false,
        "reportFilename": "mochawesome",
        "saveHtml": true,
        "saveJson": true,
        "consoleReporter": "spec",
        "useInlineDiffs": false,
        "code": true
      },
      "version": "7.1.3"
    },
    "marge": {
      "options": null,
      "version": "6.2.0"
    }
  }
}